[0m00:06:26.624562 [debug] [MainThread]: Sending event: {'category': 'dbt', 'action': 'invocation', 'label': 'start', 'context': [<snowplow_tracker.self_describing_json.SelfDescribingJson object at 0x000001B3D05518D0>, <snowplow_tracker.self_describing_json.SelfDescribingJson object at 0x000001B3CE887150>, <snowplow_tracker.self_describing_json.SelfDescribingJson object at 0x000001B3D0540ED0>]}


============================== 00:06:26.642581 | 0a2dd19e-c11f-4cc7-9f0e-6b451b3b2558 ==============================
[0m00:06:26.642581 [info ] [MainThread]: Running with dbt=1.8.6
[0m00:06:26.643591 [debug] [MainThread]: running dbt with arguments {'printer_width': '80', 'indirect_selection': 'eager', 'log_cache_events': 'False', 'write_json': 'True', 'partial_parse': 'True', 'cache_selected_only': 'False', 'profiles_dir': 'C:\\Users\\jacob\\.dbt', 'version_check': 'True', 'fail_fast': 'False', 'log_path': 'logs', 'debug': 'False', 'warn_error': 'None', 'use_colors': 'True', 'use_experimental_parser': 'False', 'no_print': 'None', 'quiet': 'False', 'empty': 'None', 'warn_error_options': 'WarnErrorOptions(include=[], exclude=[])', 'introspect': 'True', 'static_parser': 'True', 'invocation_command': 'dbt init dbt_code', 'target_path': 'None', 'log_format': 'default', 'send_anonymous_usage_stats': 'True'}
[0m00:06:26.701831 [warn ] [MainThread]: [ConfigFolderDirectory]: Unable to parse dict {'dir': WindowsPath('C:/Users/jacob/.dbt')}
[0m00:06:26.702839 [info ] [MainThread]: Creating dbt configuration folder at 
[0m00:06:26.705840 [debug] [MainThread]: Starter project path: C:\Users\jacob\OneDrive\Programmering\github\data_warehouse_DE23_Jacob_Bodin\.venv\Lib\site-packages\dbt\include\starter_project
[0m00:06:26.730774 [info ] [MainThread]: 
Your new dbt project "dbt_code" was created!

For more information on how to configure the profiles.yml file,
please consult the dbt documentation here:

  https://docs.getdbt.com/docs/configure-your-profile

One more thing:

Need help? Don't hesitate to reach out to us via GitHub issues or on Slack:

  https://community.getdbt.com/

Happy modeling!

[0m00:06:26.732320 [info ] [MainThread]: Setting up your profile.
[0m00:12:59.609656 [info ] [MainThread]: Profile dbt_code written to C:\Users\jacob\.dbt\profiles.yml using target's profile_template.yml and your supplied values. Run 'dbt debug' to validate the connection.
[0m00:12:59.611004 [debug] [MainThread]: Command `dbt init` succeeded at 00:12:59.611004 after 393.05 seconds
[0m00:12:59.612013 [debug] [MainThread]: Sending event: {'category': 'dbt', 'action': 'invocation', 'label': 'end', 'context': [<snowplow_tracker.self_describing_json.SelfDescribingJson object at 0x000001B3C8B99510>, <snowplow_tracker.self_describing_json.SelfDescribingJson object at 0x000001B3C8F0A650>, <snowplow_tracker.self_describing_json.SelfDescribingJson object at 0x000001B3C8C78E50>]}
[0m00:12:59.612013 [debug] [MainThread]: Flushing usage events
